Using pre-set license
Built from '2020.3/staging' branch; Version is '2020.3.0f1 (c7b5465681fb) revision 13088070'; Using compiler version '192528614'; Build Type 'Release'
OS: 'Windows 10 Enterprise; OS build 18363.1256; Version 1909; 64bit' Language: 'ko' Physical Memory: 7894 MB
BatchMode: 1, IsHumanControllingUs: 0, StartBugReporterOnCrash: 0, Is64bit: 1, IsPro: 0

 COMMAND LINE ARGUMENTS:
C:\Program Files\Unity\Hub\Editor\2020.3.0f1\Editor\Unity.exe
-adb2
-batchMode
-noUpm
-name
AssetImportWorker0
-projectPath
C:/workspace/Unity/tutorial/New Unity Project
-logFile
Logs/AssetImportWorker0.log
-srvPort
51058
Successfully changed project path to: C:/workspace/Unity/tutorial/New Unity Project
C:/workspace/Unity/tutorial/New Unity Project
Using Asset Import Pipeline V2.
Refreshing native plugins compatible for Editor in 27.59 ms, found 0 plugins.
Preloading 0 native plugins for Editor in 0.00 ms.
Initialize engine version: 2020.3.0f1 (c7b5465681fb)
[Subsystems] Discovering subsystems at path C:/Program Files/Unity/Hub/Editor/2020.3.0f1/Editor/Data/Resources/UnitySubsystems
[Subsystems] Discovering subsystems at path C:/workspace/Unity/tutorial/New Unity Project/Assets
GfxDevice: creating device client; threaded=0
Direct3D:
    Version:  Direct3D 11.0 [level 11.1]
    Renderer: Intel(R) Iris(R) Plus Graphics (ID=0x8a5a)
    Vendor:   
    VRAM:     3947 MB
    Driver:   26.20.100.7463
Initialize mono
Mono path[0] = 'C:/Program Files/Unity/Hub/Editor/2020.3.0f1/Editor/Data/Managed'
Mono path[1] = 'C:/Program Files/Unity/Hub/Editor/2020.3.0f1/Editor/Data/MonoBleedingEdge/lib/mono/unityjit'
Mono config path = 'C:/Program Files/Unity/Hub/Editor/2020.3.0f1/Editor/Data/MonoBleedingEdge/etc'
Using monoOptions --debugger-agent=transport=dt_socket,embedding=1,server=y,suspend=n,address=127.0.0.1:56612
Begin MonoManager ReloadAssembly
Registering precompiled unity dll's ...
Register platform support module: C:/Program Files/Unity/Hub/Editor/2020.3.0f1/Editor/Data/PlaybackEngines/WebGLSupport/UnityEditor.WebGL.Extensions.dll
Register platform support module: C:/Program Files/Unity/Hub/Editor/2020.3.0f1/Editor/Data/PlaybackEngines/WindowsStandaloneSupport/UnityEditor.WindowsStandalone.Extensions.dll
Registered in 0.006620 seconds.
Native extension for WindowsStandalone target not found
Native extension for WebGL target not found
Refreshing native plugins compatible for Editor in 23.70 ms, found 0 plugins.
Preloading 0 native plugins for Editor in 0.00 ms.
Invoked RoslynAnalysisRunner static constructor.
RoslynAnalysisRunner will not be running.
RoslynAnalysisRunner has terminated.
Mono: successfully reloaded assembly
- Completed reload, in  4.113 seconds
Platform modules already initialized, skipping
Registering precompiled user dll's ...
Registered in 0.002432 seconds.
Begin MonoManager ReloadAssembly
Native extension for WindowsStandalone target not found
Native extension for WebGL target not found
Refreshing native plugins compatible for Editor in 0.16 ms, found 0 plugins.
Preloading 0 native plugins for Editor in 0.00 ms.
Invoked RoslynAnalysisRunner static constructor.
RoslynAnalysisRunner will not be running.
RoslynAnalysisRunner has terminated.
Mono: successfully reloaded assembly
- Completed reload, in  0.935 seconds
Platform modules already initialized, skipping
========================================================================
Worker process is ready to serve import requests
Launched and connected shader compiler UnityShaderCompiler.exe after 0.08 seconds
Refreshing native plugins compatible for Editor in 0.18 ms, found 0 plugins.
Preloading 0 native plugins for Editor in 0.00 ms.
Unloading 1117 Unused Serialized files (Serialized files now loaded: 0)
System memory in use before: 60.1 MB.
System memory in use after: 60.2 MB.

Unloading 10 unused Assets to reduce memory usage. Loaded Objects now: 1560.
Total: 2.820300 ms (FindLiveObjects: 0.159600 ms CreateObjectMapping: 0.052500 ms MarkObjects: 2.456300 ms  DeleteObjects: 0.149800 ms)

========================================================================
Received Import Request.
  path: Assets/Scenes/Stage1_2.unity
  artifactKey: Guid(d5cdc4adbc4360e4792da42be4f632c0) Importer(815301076,1909f56bfc062723c751e8b465ee728b)
Start importing Assets/Scenes/Stage1_2.unity using Guid(d5cdc4adbc4360e4792da42be4f632c0) Importer(815301076,1909f56bfc062723c751e8b465ee728b)  -> (artifact id: 'ffc4c89510a00b6165f095b00a79fdbf') in 0.019363 seconds
  Import took 0.023116 seconds .

========================================================================
Received Import Request.
  Time since last request: 12.880736 seconds.
  path: Assets/Scenes/Stage1_2.unity
  artifactKey: Guid(d5cdc4adbc4360e4792da42be4f632c0) Importer(815301076,1909f56bfc062723c751e8b465ee728b)
Start importing Assets/Scenes/Stage1_2.unity using Guid(d5cdc4adbc4360e4792da42be4f632c0) Importer(815301076,1909f56bfc062723c751e8b465ee728b)  -> (artifact id: '2019af07ea1355dc591868e5a88d10c9') in 0.015123 seconds
  Import took 0.026129 seconds .

========================================================================
Received Prepare
Registering precompiled user dll's ...
Registered in 0.003096 seconds.
Begin MonoManager ReloadAssembly
Native extension for WindowsStandalone target not found
Native extension for WebGL target not found
Refreshing native plugins compatible for Editor in 0.20 ms, found 0 plugins.
Preloading 0 native plugins for Editor in 0.00 ms.
Invoked RoslynAnalysisRunner static constructor.
RoslynAnalysisRunner will not be running.
RoslynAnalysisRunner has terminated.
Mono: successfully reloaded assembly
- Completed reload, in  1.037 seconds
Platform modules already initialized, skipping
Refreshing native plugins compatible for Editor in 0.18 ms, found 0 plugins.
Preloading 0 native plugins for Editor in 0.00 ms.
Unloading 1112 Unused Serialized files (Serialized files now loaded: 0)
System memory in use before: 60.1 MB.
System memory in use after: 60.1 MB.

Unloading 5 unused Assets to reduce memory usage. Loaded Objects now: 1563.
Total: 1.528900 ms (FindLiveObjects: 0.155500 ms CreateObjectMapping: 0.032000 ms MarkObjects: 1.268500 ms  DeleteObjects: 0.069000 ms)

========================================================================
Received Import Request.
  Time since last request: 406.165247 seconds.
  path: Assets/Material/My Ball.physicMaterial
  artifactKey: Guid(653afdb58995d0e45a8a389ec032d6b0) Importer(815301076,1909f56bfc062723c751e8b465ee728b)
Start importing Assets/Material/My Ball.physicMaterial using Guid(653afdb58995d0e45a8a389ec032d6b0) Importer(815301076,1909f56bfc062723c751e8b465ee728b)  -> (artifact id: '86eae9c444e7bd60aab32bf811fb9f18') in 0.066202 seconds
  Import took 0.068654 seconds .

========================================================================
Received Prepare
Registering precompiled user dll's ...
Registered in 0.003133 seconds.
Begin MonoManager ReloadAssembly
Native extension for WindowsStandalone target not found
Native extension for WebGL target not found
Refreshing native plugins compatible for Editor in 0.19 ms, found 0 plugins.
Preloading 0 native plugins for Editor in 0.00 ms.
Invoked RoslynAnalysisRunner static constructor.
RoslynAnalysisRunner will not be running.
RoslynAnalysisRunner has terminated.
Mono: successfully reloaded assembly
- Completed reload, in  0.990 seconds
Platform modules already initialized, skipping
Refreshing native plugins compatible for Editor in 0.20 ms, found 0 plugins.
Preloading 0 native plugins for Editor in 0.00 ms.
Unloading 1112 Unused Serialized files (Serialized files now loaded: 0)
System memory in use before: 60.1 MB.
System memory in use after: 60.2 MB.

Unloading 5 unused Assets to reduce memory usage. Loaded Objects now: 1566.
Total: 1.850500 ms (FindLiveObjects: 0.123400 ms CreateObjectMapping: 0.041000 ms MarkObjects: 1.617300 ms  DeleteObjects: 0.066500 ms)

========================================================================
Received Prepare
Registering precompiled user dll's ...
Registered in 0.003501 seconds.
Begin MonoManager ReloadAssembly
Native extension for WindowsStandalone target not found
Native extension for WebGL target not found
Refreshing native plugins compatible for Editor in 0.19 ms, found 0 plugins.
Preloading 0 native plugins for Editor in 0.00 ms.
Invoked RoslynAnalysisRunner static constructor.
RoslynAnalysisRunner will not be running.
RoslynAnalysisRunner has terminated.
Mono: successfully reloaded assembly
- Completed reload, in  0.896 seconds
Platform modules already initialized, skipping
Refreshing native plugins compatible for Editor in 0.17 ms, found 0 plugins.
Preloading 0 native plugins for Editor in 0.00 ms.
Unloading 1112 Unused Serialized files (Serialized files now loaded: 0)
System memory in use before: 60.1 MB.
System memory in use after: 60.2 MB.

Unloading 5 unused Assets to reduce memory usage. Loaded Objects now: 1569.
Total: 1.510300 ms (FindLiveObjects: 0.109500 ms CreateObjectMapping: 0.040800 ms MarkObjects: 1.308600 ms  DeleteObjects: 0.050300 ms)

========================================================================
Received Import Request.
  Time since last request: 564.998531 seconds.
  path: Assets/Scenes/Stage1_0.unity
  artifactKey: Guid(9fc0d4010bbf28b4594072e72b8655ab) Importer(815301076,1909f56bfc062723c751e8b465ee728b)
Start importing Assets/Scenes/Stage1_0.unity using Guid(9fc0d4010bbf28b4594072e72b8655ab) Importer(815301076,1909f56bfc062723c751e8b465ee728b)  -> (artifact id: '9668ed96f23a9c5c6731bd29c19f1cb2') in 0.049889 seconds
  Import took 0.052729 seconds .

========================================================================
Received Import Request.
  Time since last request: 15.585763 seconds.
  path: Assets/Scenes/Stage1_2.unity
  artifactKey: Guid(d5cdc4adbc4360e4792da42be4f632c0) Importer(815301076,1909f56bfc062723c751e8b465ee728b)
Start importing Assets/Scenes/Stage1_2.unity using Guid(d5cdc4adbc4360e4792da42be4f632c0) Importer(815301076,1909f56bfc062723c751e8b465ee728b)  -> (artifact id: '837e751ea4f0cef43b8f6bd1bf264ffa') in 0.016202 seconds
  Import took 0.019479 seconds .

========================================================================
Received Prepare
Registering precompiled user dll's ...
Registered in 0.015648 seconds.
Begin MonoManager ReloadAssembly
Native extension for WindowsStandalone target not found
Native extension for WebGL target not found
Refreshing native plugins compatible for Editor in 1.30 ms, found 0 plugins.
Preloading 0 native plugins for Editor in 0.00 ms.
Invoked RoslynAnalysisRunner static constructor.
RoslynAnalysisRunner will not be running.
RoslynAnalysisRunner has terminated.
Mono: successfully reloaded assembly
- Completed reload, in  5.830 seconds
Platform modules already initialized, skipping
Refreshing native plugins compatible for Editor in 1.45 ms, found 0 plugins.
Preloading 0 native plugins for Editor in 0.00 ms.
Unloading 1112 Unused Serialized files (Serialized files now loaded: 0)
System memory in use before: 60.1 MB.
System memory in use after: 60.2 MB.

Unloading 5 unused Assets to reduce memory usage. Loaded Objects now: 1572.
Total: 10.646000 ms (FindLiveObjects: 1.513300 ms CreateObjectMapping: 0.462300 ms MarkObjects: 8.249200 ms  DeleteObjects: 0.400100 ms)

========================================================================
Received Prepare
Registering precompiled user dll's ...
Registered in 0.014352 seconds.
Begin MonoManager ReloadAssembly
Native extension for WindowsStandalone target not found
Native extension for WebGL target not found
Refreshing native plugins compatible for Editor in 0.18 ms, found 0 plugins.
Preloading 0 native plugins for Editor in 0.00 ms.
Invoked RoslynAnalysisRunner static constructor.
RoslynAnalysisRunner will not be running.
RoslynAnalysisRunner has terminated.
Mono: successfully reloaded assembly
- Completed reload, in  0.870 seconds
Platform modules already initialized, skipping
Refreshing native plugins compatible for Editor in 0.17 ms, found 0 plugins.
Preloading 0 native plugins for Editor in 0.00 ms.
Unloading 1112 Unused Serialized files (Serialized files now loaded: 0)
System memory in use before: 60.1 MB.
System memory in use after: 60.2 MB.

Unloading 5 unused Assets to reduce memory usage. Loaded Objects now: 1575.
Total: 1.388800 ms (FindLiveObjects: 0.107300 ms CreateObjectMapping: 0.031200 ms MarkObjects: 1.194600 ms  DeleteObjects: 0.054300 ms)

========================================================================
Received Import Request.
  Time since last request: 486.884574 seconds.
  path: Assets/Scenes/Stage1_3.unity
  artifactKey: Guid(eabce9706bace2f478ffaf278ec19673) Importer(815301076,1909f56bfc062723c751e8b465ee728b)
Start importing Assets/Scenes/Stage1_3.unity using Guid(eabce9706bace2f478ffaf278ec19673) Importer(815301076,1909f56bfc062723c751e8b465ee728b)  -> (artifact id: '143bbd7eeab26257559d248920d03ed9') in 0.028427 seconds
  Import took 0.030978 seconds .

========================================================================
Received Import Request.
  Time since last request: 465.451289 seconds.
  path: Assets/Scenes/Stage1_3.unity
  artifactKey: Guid(eabce9706bace2f478ffaf278ec19673) Importer(815301076,1909f56bfc062723c751e8b465ee728b)
Start importing Assets/Scenes/Stage1_3.unity using Guid(eabce9706bace2f478ffaf278ec19673) Importer(815301076,1909f56bfc062723c751e8b465ee728b)  -> (artifact id: '4472c969796a0068c91992d234249f62') in 0.021674 seconds
  Import took 0.032466 seconds .

========================================================================
Received Prepare
Registering precompiled user dll's ...
Registered in 0.003727 seconds.
Begin MonoManager ReloadAssembly
Native extension for WindowsStandalone target not found
Native extension for WebGL target not found
Refreshing native plugins compatible for Editor in 0.16 ms, found 0 plugins.
Preloading 0 native plugins for Editor in 0.00 ms.
Invoked RoslynAnalysisRunner static constructor.
RoslynAnalysisRunner will not be running.
RoslynAnalysisRunner has terminated.
Mono: successfully reloaded assembly
- Completed reload, in  0.877 seconds
Platform modules already initialized, skipping
Refreshing native plugins compatible for Editor in 0.20 ms, found 0 plugins.
Preloading 0 native plugins for Editor in 0.00 ms.
Unloading 1112 Unused Serialized files (Serialized files now loaded: 0)
System memory in use before: 60.2 MB.
System memory in use after: 60.2 MB.

Unloading 5 unused Assets to reduce memory usage. Loaded Objects now: 1578.
Total: 1.877600 ms (FindLiveObjects: 0.171800 ms CreateObjectMapping: 0.035800 ms MarkObjects: 1.582600 ms  DeleteObjects: 0.085500 ms)

========================================================================
Received Prepare
Registering precompiled user dll's ...
Registered in 0.002939 seconds.
Begin MonoManager ReloadAssembly
Native extension for WindowsStandalone target not found
Native extension for WebGL target not found
Refreshing native plugins compatible for Editor in 0.16 ms, found 0 plugins.
Preloading 0 native plugins for Editor in 0.00 ms.
Invoked RoslynAnalysisRunner static constructor.
RoslynAnalysisRunner will not be running.
RoslynAnalysisRunner has terminated.
Mono: successfully reloaded assembly
- Completed reload, in  0.854 seconds
Platform modules already initialized, skipping
Refreshing native plugins compatible for Editor in 0.18 ms, found 0 plugins.
Preloading 0 native plugins for Editor in 0.00 ms.
Unloading 1112 Unused Serialized files (Serialized files now loaded: 0)
System memory in use before: 60.2 MB.
System memory in use after: 60.2 MB.

Unloading 5 unused Assets to reduce memory usage. Loaded Objects now: 1581.
Total: 1.598900 ms (FindLiveObjects: 0.173200 ms CreateObjectMapping: 0.034700 ms MarkObjects: 1.326900 ms  DeleteObjects: 0.062600 ms)

========================================================================
Received Prepare
Registering precompiled user dll's ...
Registered in 0.003924 seconds.
Begin MonoManager ReloadAssembly
Native extension for WindowsStandalone target not found
Native extension for WebGL target not found
Refreshing native plugins compatible for Editor in 0.27 ms, found 0 plugins.
Preloading 0 native plugins for Editor in 0.00 ms.
Invoked RoslynAnalysisRunner static constructor.
RoslynAnalysisRunner will not be running.
RoslynAnalysisRunner has terminated.
Mono: successfully reloaded assembly
- Completed reload, in  0.925 seconds
Platform modules already initialized, skipping
Refreshing native plugins compatible for Editor in 0.18 ms, found 0 plugins.
Preloading 0 native plugins for Editor in 0.00 ms.
Unloading 1112 Unused Serialized files (Serialized files now loaded: 0)
System memory in use before: 60.2 MB.
System memory in use after: 60.3 MB.

Unloading 5 unused Assets to reduce memory usage. Loaded Objects now: 1584.
Total: 1.534100 ms (FindLiveObjects: 0.130000 ms CreateObjectMapping: 0.035100 ms MarkObjects: 1.302100 ms  DeleteObjects: 0.065500 ms)

========================================================================
Received Prepare
Registering precompiled user dll's ...
Registered in 0.002561 seconds.
Begin MonoManager ReloadAssembly
Native extension for WindowsStandalone target not found
Native extension for WebGL target not found
Refreshing native plugins compatible for Editor in 0.75 ms, found 0 plugins.
Preloading 0 native plugins for Editor in 0.00 ms.
Invoked RoslynAnalysisRunner static constructor.
RoslynAnalysisRunner will not be running.
RoslynAnalysisRunner has terminated.
Mono: successfully reloaded assembly
- Completed reload, in  8.404 seconds
Platform modules already initialized, skipping
Refreshing native plugins compatible for Editor in 0.46 ms, found 0 plugins.
Preloading 0 native plugins for Editor in 0.00 ms.
Unloading 1112 Unused Serialized files (Serialized files now loaded: 0)
System memory in use before: 60.2 MB.
System memory in use after: 60.3 MB.

Unloading 5 unused Assets to reduce memory usage. Loaded Objects now: 1587.
Total: 3.369200 ms (FindLiveObjects: 0.297400 ms CreateObjectMapping: 0.099700 ms MarkObjects: 2.859100 ms  DeleteObjects: 0.109500 ms)

========================================================================
Received Import Request.
  Time since last request: 8133.164552 seconds.
  path: Assets/CasualGameSounds
  artifactKey: Guid(3ce60846bf5cc4f439cb02546f43de9c) Importer(815301076,1909f56bfc062723c751e8b465ee728b)
Start importing Assets/CasualGameSounds using Guid(3ce60846bf5cc4f439cb02546f43de9c) Importer(815301076,1909f56bfc062723c751e8b465ee728b)  -> (artifact id: '7dfdc19549a5e73e4c5313232903bf97') in 0.035144 seconds
  Import took 0.040619 seconds .

========================================================================
Received Import Request.
  Time since last request: 37.442373 seconds.
  path: Assets/Sounds
  artifactKey: Guid(ba5ac45e6884867458c3fb0a40395cdc) Importer(815301076,1909f56bfc062723c751e8b465ee728b)
Start importing Assets/Sounds using Guid(ba5ac45e6884867458c3fb0a40395cdc) Importer(815301076,1909f56bfc062723c751e8b465ee728b)  -> (artifact id: '3c97d21c5d4a01444d2a36d1514dedbf') in 0.015766 seconds
  Import took 0.024721 seconds .

========================================================================
Received Import Request.
  Time since last request: 3.773000 seconds.
  path: Assets/Sounds/예에에.mp3
  artifactKey: Guid(29d520540919f314d8e84917cfc7c46d) Importer(815301076,1909f56bfc062723c751e8b465ee728b)
Start importing Assets/Sounds/예에에.mp3 using Guid(29d520540919f314d8e84917cfc7c46d) Importer(815301076,1909f56bfc062723c751e8b465ee728b)  -> (artifact id: '4abe8a3ec9c54206b5db1b7769169c92') in 0.758769 seconds
  Import took 0.769451 seconds .

========================================================================
Received Prepare
Registering precompiled user dll's ...
Registered in 0.004663 seconds.
Begin MonoManager ReloadAssembly
Native extension for WindowsStandalone target not found
Native extension for WebGL target not found
Refreshing native plugins compatible for Editor in 0.17 ms, found 0 plugins.
Preloading 0 native plugins for Editor in 0.00 ms.
Invoked RoslynAnalysisRunner static constructor.
RoslynAnalysisRunner will not be running.
RoslynAnalysisRunner has terminated.
Mono: successfully reloaded assembly
- Completed reload, in  0.893 seconds
Platform modules already initialized, skipping
Refreshing native plugins compatible for Editor in 0.20 ms, found 0 plugins.
Preloading 0 native plugins for Editor in 0.00 ms.
Unloading 1112 Unused Serialized files (Serialized files now loaded: 0)
System memory in use before: 63.3 MB.
System memory in use after: 63.4 MB.

Unloading 5 unused Assets to reduce memory usage. Loaded Objects now: 1599.
Total: 1.431400 ms (FindLiveObjects: 0.158300 ms CreateObjectMapping: 0.038500 ms MarkObjects: 1.149500 ms  DeleteObjects: 0.083800 ms)

========================================================================
Received Import Request.
  Time since last request: 146.534352 seconds.
  path: Assets/Scenes/Stage1_0.unity
  artifactKey: Guid(9fc0d4010bbf28b4594072e72b8655ab) Importer(815301076,1909f56bfc062723c751e8b465ee728b)
Start importing Assets/Scenes/Stage1_0.unity using Guid(9fc0d4010bbf28b4594072e72b8655ab) Importer(815301076,1909f56bfc062723c751e8b465ee728b)  -> (artifact id: '5c77e1323961081536d204b89acb2453') in 0.049489 seconds
  Import took 0.054276 seconds .

========================================================================
Received Import Request.
  Time since last request: 0.084490 seconds.
  path: Assets/Scenes/Stage1_0.unity
  artifactKey: Guid(9fc0d4010bbf28b4594072e72b8655ab) Importer(815301076,1909f56bfc062723c751e8b465ee728b)
Start importing Assets/Scenes/Stage1_0.unity using Guid(9fc0d4010bbf28b4594072e72b8655ab) Importer(815301076,1909f56bfc062723c751e8b465ee728b)  -> (artifact id: '5c77e1323961081536d204b89acb2453') in 0.016771 seconds
  Import took 0.019770 seconds .

========================================================================
Received Prepare
Registering precompiled user dll's ...
Registered in 0.003725 seconds.
Begin MonoManager ReloadAssembly
Native extension for WindowsStandalone target not found
Native extension for WebGL target not found
Refreshing native plugins compatible for Editor in 0.16 ms, found 0 plugins.
Preloading 0 native plugins for Editor in 0.00 ms.
Invoked RoslynAnalysisRunner static constructor.
RoslynAnalysisRunner will not be running.
RoslynAnalysisRunner has terminated.
Mono: successfully reloaded assembly
- Completed reload, in  0.969 seconds
Platform modules already initialized, skipping
Refreshing native plugins compatible for Editor in 0.17 ms, found 0 plugins.
Preloading 0 native plugins for Editor in 0.00 ms.
Unloading 1112 Unused Serialized files (Serialized files now loaded: 0)
System memory in use before: 63.4 MB.
System memory in use after: 63.4 MB.

Unloading 5 unused Assets to reduce memory usage. Loaded Objects now: 1602.
Total: 1.730600 ms (FindLiveObjects: 0.111500 ms CreateObjectMapping: 0.034000 ms MarkObjects: 1.530600 ms  DeleteObjects: 0.053000 ms)

========================================================================
Received Import Request.
  Time since last request: 31.464846 seconds.
  path: Assets/Scenes/Stage1_0.unity
  artifactKey: Guid(9fc0d4010bbf28b4594072e72b8655ab) Importer(815301076,1909f56bfc062723c751e8b465ee728b)
Start importing Assets/Scenes/Stage1_0.unity using Guid(9fc0d4010bbf28b4594072e72b8655ab) Importer(815301076,1909f56bfc062723c751e8b465ee728b)  -> (artifact id: '5e677bb878ca6c6d6eec7bab99def499') in 0.038511 seconds
  Import took 0.049538 seconds .

========================================================================
Received Prepare
Registering precompiled user dll's ...
Registered in 0.003541 seconds.
Begin MonoManager ReloadAssembly
Native extension for WindowsStandalone target not found
Native extension for WebGL target not found
Refreshing native plugins compatible for Editor in 0.24 ms, found 0 plugins.
Preloading 0 native plugins for Editor in 0.00 ms.
Invoked RoslynAnalysisRunner static constructor.
RoslynAnalysisRunner will not be running.
RoslynAnalysisRunner has terminated.
Mono: successfully reloaded assembly
- Completed reload, in  0.986 seconds
Platform modules already initialized, skipping
Refreshing native plugins compatible for Editor in 0.17 ms, found 0 plugins.
Preloading 0 native plugins for Editor in 0.00 ms.
Unloading 1112 Unused Serialized files (Serialized files now loaded: 0)
System memory in use before: 63.4 MB.
System memory in use after: 63.4 MB.

Unloading 5 unused Assets to reduce memory usage. Loaded Objects now: 1605.
Total: 1.494300 ms (FindLiveObjects: 0.113100 ms CreateObjectMapping: 0.030000 ms MarkObjects: 1.267300 ms  DeleteObjects: 0.082700 ms)

========================================================================
Received Import Request.
  Time since last request: 182.325772 seconds.
  path: Assets/Scenes/Stage1_1.unity
  artifactKey: Guid(e9a7e6535f5d31c478d6031dc022be16) Importer(815301076,1909f56bfc062723c751e8b465ee728b)
Start importing Assets/Scenes/Stage1_1.unity using Guid(e9a7e6535f5d31c478d6031dc022be16) Importer(815301076,1909f56bfc062723c751e8b465ee728b)  -> (artifact id: '4eb23bf982d7d2d9416d68c8135c28e8') in 0.050226 seconds
  Import took 0.053059 seconds .

========================================================================
Received Import Request.
  Time since last request: 9.502336 seconds.
  path: Assets/Scenes/Stage1_2.unity
  artifactKey: Guid(d5cdc4adbc4360e4792da42be4f632c0) Importer(815301076,1909f56bfc062723c751e8b465ee728b)
Start importing Assets/Scenes/Stage1_2.unity using Guid(d5cdc4adbc4360e4792da42be4f632c0) Importer(815301076,1909f56bfc062723c751e8b465ee728b)  -> (artifact id: '03c59257099c96f071894bca08bbb782') in 0.030412 seconds
  Import took 0.033971 seconds .

========================================================================
Received Import Request.
  Time since last request: 6.955857 seconds.
  path: Assets/Scenes/Stage1_3.unity
  artifactKey: Guid(eabce9706bace2f478ffaf278ec19673) Importer(815301076,1909f56bfc062723c751e8b465ee728b)
Start importing Assets/Scenes/Stage1_3.unity using Guid(eabce9706bace2f478ffaf278ec19673) Importer(815301076,1909f56bfc062723c751e8b465ee728b)  -> (artifact id: 'e57c18b92f166ff909b33e94636c0103') in 0.032280 seconds
  Import took 0.035648 seconds .

========================================================================
Received Import Request.
  Time since last request: 6.716305 seconds.
  path: Assets/Scenes/Stage1_0.unity
  artifactKey: Guid(9fc0d4010bbf28b4594072e72b8655ab) Importer(815301076,1909f56bfc062723c751e8b465ee728b)
Start importing Assets/Scenes/Stage1_0.unity using Guid(9fc0d4010bbf28b4594072e72b8655ab) Importer(815301076,1909f56bfc062723c751e8b465ee728b)  -> (artifact id: 'fdf00af7a58d2b720e6eb5048620a26c') in 0.018592 seconds
  Import took 0.021607 seconds .

========================================================================
Received Import Request.
  Time since last request: 0.007425 seconds.
  path: Assets/Scenes/Stage1_0.unity
  artifactKey: Guid(9fc0d4010bbf28b4594072e72b8655ab) Importer(815301076,1909f56bfc062723c751e8b465ee728b)
Start importing Assets/Scenes/Stage1_0.unity using Guid(9fc0d4010bbf28b4594072e72b8655ab) Importer(815301076,1909f56bfc062723c751e8b465ee728b)  -> (artifact id: 'fdf00af7a58d2b720e6eb5048620a26c') in 0.017031 seconds
  Import took 0.019829 seconds .

========================================================================
Received Prepare
Registering precompiled user dll's ...
Registered in 0.006093 seconds.
Begin MonoManager ReloadAssembly
Native extension for WindowsStandalone target not found
Native extension for WebGL target not found
Refreshing native plugins compatible for Editor in 0.18 ms, found 0 plugins.
Preloading 0 native plugins for Editor in 0.00 ms.
Invoked RoslynAnalysisRunner static constructor.
RoslynAnalysisRunner will not be running.
RoslynAnalysisRunner has terminated.
Mono: successfully reloaded assembly
- Completed reload, in  0.872 seconds
Platform modules already initialized, skipping
Refreshing native plugins compatible for Editor in 0.18 ms, found 0 plugins.
Preloading 0 native plugins for Editor in 0.00 ms.
Unloading 1112 Unused Serialized files (Serialized files now loaded: 0)
System memory in use before: 63.4 MB.
System memory in use after: 63.5 MB.

Unloading 5 unused Assets to reduce memory usage. Loaded Objects now: 1608.
Total: 1.784300 ms (FindLiveObjects: 0.235700 ms CreateObjectMapping: 0.044700 ms MarkObjects: 1.353600 ms  DeleteObjects: 0.148500 ms)

========================================================================
Received Prepare
Registering precompiled user dll's ...
Registered in 0.002840 seconds.
Begin MonoManager ReloadAssembly
Native extension for WindowsStandalone target not found
Native extension for WebGL target not found
Refreshing native plugins compatible for Editor in 0.21 ms, found 0 plugins.
Preloading 0 native plugins for Editor in 0.00 ms.
Invoked RoslynAnalysisRunner static constructor.
RoslynAnalysisRunner will not be running.
RoslynAnalysisRunner has terminated.
Mono: successfully reloaded assembly
- Completed reload, in  0.930 seconds
Platform modules already initialized, skipping
Refreshing native plugins compatible for Editor in 0.17 ms, found 0 plugins.
Preloading 0 native plugins for Editor in 0.00 ms.
Unloading 1112 Unused Serialized files (Serialized files now loaded: 0)
System memory in use before: 63.4 MB.
System memory in use after: 63.5 MB.

Unloading 5 unused Assets to reduce memory usage. Loaded Objects now: 1611.
Total: 1.497000 ms (FindLiveObjects: 0.145500 ms CreateObjectMapping: 0.038800 ms MarkObjects: 1.252400 ms  DeleteObjects: 0.059400 ms)

========================================================================
Received Import Request.
  Time since last request: 819.276474 seconds.
  path: Assets/Scenes/Stage1_1.unity
  artifactKey: Guid(e9a7e6535f5d31c478d6031dc022be16) Importer(815301076,1909f56bfc062723c751e8b465ee728b)
Start importing Assets/Scenes/Stage1_1.unity using Guid(e9a7e6535f5d31c478d6031dc022be16) Importer(815301076,1909f56bfc062723c751e8b465ee728b)  -> (artifact id: '2fc8be05d51e00a916fbfd05b7a98f67') in 0.030513 seconds
  Import took 0.042263 seconds .

========================================================================
Received Prepare
Registering precompiled user dll's ...
Registered in 0.002874 seconds.
Begin MonoManager ReloadAssembly
Native extension for WindowsStandalone target not found
Native extension for WebGL target not found
Refreshing native plugins compatible for Editor in 0.26 ms, found 0 plugins.
Preloading 0 native plugins for Editor in 0.00 ms.
Invoked RoslynAnalysisRunner static constructor.
RoslynAnalysisRunner will not be running.
RoslynAnalysisRunner has terminated.
Mono: successfully reloaded assembly
- Completed reload, in  0.941 seconds
Platform modules already initialized, skipping
Refreshing native plugins compatible for Editor in 0.18 ms, found 0 plugins.
Preloading 0 native plugins for Editor in 0.00 ms.
Unloading 1112 Unused Serialized files (Serialized files now loaded: 0)
System memory in use before: 63.4 MB.
System memory in use after: 63.5 MB.

Unloading 5 unused Assets to reduce memory usage. Loaded Objects now: 1614.
Total: 1.476000 ms (FindLiveObjects: 0.107900 ms CreateObjectMapping: 0.030600 ms MarkObjects: 1.286200 ms  DeleteObjects: 0.050200 ms)

========================================================================
Received Import Request.
  Time since last request: 6.824950 seconds.
  path: Assets/Scenes/Stage1_0.unity
  artifactKey: Guid(9fc0d4010bbf28b4594072e72b8655ab) Importer(815301076,1909f56bfc062723c751e8b465ee728b)
Start importing Assets/Scenes/Stage1_0.unity using Guid(9fc0d4010bbf28b4594072e72b8655ab) Importer(815301076,1909f56bfc062723c751e8b465ee728b)  -> (artifact id: 'cc730d1d2e5fcc0d14c05a36048cc39b') in 0.031559 seconds
  Import took 0.034342 seconds .

========================================================================
Received Import Request.
  Time since last request: 27.931126 seconds.
  path: Assets/Scenes/Stage1_2.unity
  artifactKey: Guid(d5cdc4adbc4360e4792da42be4f632c0) Importer(815301076,1909f56bfc062723c751e8b465ee728b)
Start importing Assets/Scenes/Stage1_2.unity using Guid(d5cdc4adbc4360e4792da42be4f632c0) Importer(815301076,1909f56bfc062723c751e8b465ee728b)  -> (artifact id: 'd821bb36c2de5e111c2233b2455b1c68') in 0.017860 seconds
  Import took 0.031290 seconds .

========================================================================
Received Import Request.
  Time since last request: 22.482859 seconds.
  path: Assets/Scenes/Stage1_2.unity
  artifactKey: Guid(d5cdc4adbc4360e4792da42be4f632c0) Importer(815301076,1909f56bfc062723c751e8b465ee728b)
Start importing Assets/Scenes/Stage1_2.unity using Guid(d5cdc4adbc4360e4792da42be4f632c0) Importer(815301076,1909f56bfc062723c751e8b465ee728b)  -> (artifact id: '149f96e93f400ffde5ce1b7c382d823a') in 0.015376 seconds
  Import took 0.025752 seconds .

========================================================================
Received Import Request.
  Time since last request: 2.553971 seconds.
  path: Assets/Scenes/Stage1_3.unity
  artifactKey: Guid(eabce9706bace2f478ffaf278ec19673) Importer(815301076,1909f56bfc062723c751e8b465ee728b)
Start importing Assets/Scenes/Stage1_3.unity using Guid(eabce9706bace2f478ffaf278ec19673) Importer(815301076,1909f56bfc062723c751e8b465ee728b)  -> (artifact id: '1ab07901ad56a48988a307ab5a874b19') in 0.018672 seconds
  Import took 0.030033 seconds .

========================================================================
Received Prepare
Registering precompiled user dll's ...
Registered in 0.002754 seconds.
Begin MonoManager ReloadAssembly
Native extension for WindowsStandalone target not found
Native extension for WebGL target not found
Refreshing native plugins compatible for Editor in 0.17 ms, found 0 plugins.
Preloading 0 native plugins for Editor in 0.00 ms.
Invoked RoslynAnalysisRunner static constructor.
RoslynAnalysisRunner will not be running.
RoslynAnalysisRunner has terminated.
Mono: successfully reloaded assembly
- Completed reload, in  1.964 seconds
Platform modules already initialized, skipping
Refreshing native plugins compatible for Editor in 0.17 ms, found 0 plugins.
Preloading 0 native plugins for Editor in 0.00 ms.
Unloading 1112 Unused Serialized files (Serialized files now loaded: 0)
System memory in use before: 63.4 MB.
System memory in use after: 63.5 MB.

Unloading 5 unused Assets to reduce memory usage. Loaded Objects now: 1617.
Total: 2.276400 ms (FindLiveObjects: 0.253200 ms CreateObjectMapping: 0.092600 ms MarkObjects: 1.875600 ms  DeleteObjects: 0.054000 ms)

========================================================================
Received Import Request.
  Time since last request: 117.631796 seconds.
  path: Assets/CasualGameSounds/license.pdf
  artifactKey: Guid(97e586aae91a04999b17478d7aa1a576) Importer(815301076,1909f56bfc062723c751e8b465ee728b)
Start importing Assets/CasualGameSounds/license.pdf using Guid(97e586aae91a04999b17478d7aa1a576) Importer(815301076,1909f56bfc062723c751e8b465ee728b)  -> (artifact id: 'f9849c5a2c16b6288e6fd349d4cf45ff') in 0.041278 seconds
  Import took 0.044169 seconds .

========================================================================
Received Prepare
Registering precompiled user dll's ...
Registered in 0.002903 seconds.
Begin MonoManager ReloadAssembly
Native extension for WindowsStandalone target not found
Native extension for WebGL target not found
Refreshing native plugins compatible for Editor in 0.16 ms, found 0 plugins.
Preloading 0 native plugins for Editor in 0.00 ms.
Invoked RoslynAnalysisRunner static constructor.
RoslynAnalysisRunner will not be running.
RoslynAnalysisRunner has terminated.
Mono: successfully reloaded assembly
- Completed reload, in  0.868 seconds
Platform modules already initialized, skipping
Refreshing native plugins compatible for Editor in 0.17 ms, found 0 plugins.
Preloading 0 native plugins for Editor in 0.00 ms.
Unloading 1112 Unused Serialized files (Serialized files now loaded: 0)
System memory in use before: 63.5 MB.
System memory in use after: 63.5 MB.

Unloading 5 unused Assets to reduce memory usage. Loaded Objects now: 1620.
Total: 1.400900 ms (FindLiveObjects: 0.183900 ms CreateObjectMapping: 0.031100 ms MarkObjects: 1.135500 ms  DeleteObjects: 0.049300 ms)

========================================================================
Received Import Request.
  Time since last request: 160.614980 seconds.
  path: Assets/Material/My Ball.mat
  artifactKey: Guid(1f2c8f263ae1642458bfa63239f2ec29) Importer(815301076,1909f56bfc062723c751e8b465ee728b)
Start importing Assets/Material/My Ball.mat using Guid(1f2c8f263ae1642458bfa63239f2ec29) Importer(815301076,1909f56bfc062723c751e8b465ee728b)  -> (artifact id: '836f9c17259ff309229a2bd417f45588') in 0.094601 seconds
  Import took 0.097389 seconds .

========================================================================
Received Import Request.
  Time since last request: 23.179958 seconds.
  path: Assets/Scenes/Stage1_0.unity
  artifactKey: Guid(9fc0d4010bbf28b4594072e72b8655ab) Importer(815301076,1909f56bfc062723c751e8b465ee728b)
Start importing Assets/Scenes/Stage1_0.unity using Guid(9fc0d4010bbf28b4594072e72b8655ab) Importer(815301076,1909f56bfc062723c751e8b465ee728b)  -> (artifact id: 'c3d411aa9e5b9fb9333dbedb4c2c4a16') in 0.016596 seconds
  Import took 0.034002 seconds .

========================================================================
Received Import Request.
  Time since last request: 0.719881 seconds.
  path: Assets/Scenes/Stage1_1.unity
  artifactKey: Guid(e9a7e6535f5d31c478d6031dc022be16) Importer(815301076,1909f56bfc062723c751e8b465ee728b)
Start importing Assets/Scenes/Stage1_1.unity using Guid(e9a7e6535f5d31c478d6031dc022be16) Importer(815301076,1909f56bfc062723c751e8b465ee728b)  -> (artifact id: '632b26b14abd3ffc69aef1fc083b9e3f') in 0.017303 seconds
  Import took 0.023428 seconds .

========================================================================
Received Import Request.
  Time since last request: 0.006691 seconds.
  path: Assets/Scenes/Stage1_1.unity
  artifactKey: Guid(e9a7e6535f5d31c478d6031dc022be16) Importer(815301076,1909f56bfc062723c751e8b465ee728b)
Start importing Assets/Scenes/Stage1_1.unity using Guid(e9a7e6535f5d31c478d6031dc022be16) Importer(815301076,1909f56bfc062723c751e8b465ee728b)  -> (artifact id: '632b26b14abd3ffc69aef1fc083b9e3f') in 0.015897 seconds
  Import took 0.018844 seconds .

========================================================================
Received Import Request.
  Time since last request: 68.493475 seconds.
  path: Assets/Scenes/Stage1_1.unity
  artifactKey: Guid(e9a7e6535f5d31c478d6031dc022be16) Importer(815301076,1909f56bfc062723c751e8b465ee728b)
Start importing Assets/Scenes/Stage1_1.unity using Guid(e9a7e6535f5d31c478d6031dc022be16) Importer(815301076,1909f56bfc062723c751e8b465ee728b)  -> (artifact id: '3e45f007a395e49118059674fa00f475') in 0.014298 seconds
  Import took 0.017105 seconds .

========================================================================
Received Import Request.
  Time since last request: 30.409866 seconds.
  path: Assets/Scenes/Stage1_1.unity
  artifactKey: Guid(e9a7e6535f5d31c478d6031dc022be16) Importer(815301076,1909f56bfc062723c751e8b465ee728b)
Start importing Assets/Scenes/Stage1_1.unity using Guid(e9a7e6535f5d31c478d6031dc022be16) Importer(815301076,1909f56bfc062723c751e8b465ee728b)  -> (artifact id: 'd32252df6980698f864469868b36b9da') in 0.019694 seconds
  Import took 0.023016 seconds .

========================================================================
Received Import Request.
  Time since last request: 0.006525 seconds.
  path: Assets/Scenes/Stage1_1.unity
  artifactKey: Guid(e9a7e6535f5d31c478d6031dc022be16) Importer(815301076,1909f56bfc062723c751e8b465ee728b)
Start importing Assets/Scenes/Stage1_1.unity using Guid(e9a7e6535f5d31c478d6031dc022be16) Importer(815301076,1909f56bfc062723c751e8b465ee728b)  -> (artifact id: 'd32252df6980698f864469868b36b9da') in 0.018404 seconds
  Import took 0.021531 seconds .

========================================================================
Received Import Request.
  Time since last request: 16.474748 seconds.
  path: Assets/Scenes/Stage1_3.unity
  artifactKey: Guid(eabce9706bace2f478ffaf278ec19673) Importer(815301076,1909f56bfc062723c751e8b465ee728b)
Start importing Assets/Scenes/Stage1_3.unity using Guid(eabce9706bace2f478ffaf278ec19673) Importer(815301076,1909f56bfc062723c751e8b465ee728b)  -> (artifact id: 'b7f5f1320597b1b812dbbc3abe077e33') in 0.018314 seconds
  Import took 0.022923 seconds .

========================================================================
Received Import Request.
  Time since last request: 0.008047 seconds.
  path: Assets/Scenes/Stage1_3.unity
  artifactKey: Guid(eabce9706bace2f478ffaf278ec19673) Importer(815301076,1909f56bfc062723c751e8b465ee728b)
Start importing Assets/Scenes/Stage1_3.unity using Guid(eabce9706bace2f478ffaf278ec19673) Importer(815301076,1909f56bfc062723c751e8b465ee728b)  -> (artifact id: 'b7f5f1320597b1b812dbbc3abe077e33') in 0.016533 seconds
  Import took 0.019793 seconds .

========================================================================
Received Prepare
Registering precompiled user dll's ...
Registered in 0.003220 seconds.
Begin MonoManager ReloadAssembly
Native extension for WindowsStandalone target not found
Native extension for WebGL target not found
Refreshing native plugins compatible for Editor in 0.18 ms, found 0 plugins.
Preloading 0 native plugins for Editor in 0.00 ms.
Invoked RoslynAnalysisRunner static constructor.
RoslynAnalysisRunner will not be running.
RoslynAnalysisRunner has terminated.
Mono: successfully reloaded assembly
- Completed reload, in  0.890 seconds
Platform modules already initialized, skipping
Refreshing native plugins compatible for Editor in 0.46 ms, found 0 plugins.
Preloading 0 native plugins for Editor in 0.00 ms.
Unloading 1112 Unused Serialized files (Serialized files now loaded: 0)
System memory in use before: 63.7 MB.
System memory in use after: 63.8 MB.

Unloading 5 unused Assets to reduce memory usage. Loaded Objects now: 1657.
Total: 2.468400 ms (FindLiveObjects: 0.334600 ms CreateObjectMapping: 0.096700 ms MarkObjects: 1.918300 ms  DeleteObjects: 0.115300 ms)

========================================================================
Received Prepare
Registering precompiled user dll's ...
Registered in 0.002695 seconds.
Begin MonoManager ReloadAssembly
Native extension for WindowsStandalone target not found
Native extension for WebGL target not found
Refreshing native plugins compatible for Editor in 0.27 ms, found 0 plugins.
Preloading 0 native plugins for Editor in 0.00 ms.
Invoked RoslynAnalysisRunner static constructor.
RoslynAnalysisRunner will not be running.
RoslynAnalysisRunner has terminated.
Mono: successfully reloaded assembly
- Completed reload, in  1.092 seconds
Platform modules already initialized, skipping
Refreshing native plugins compatible for Editor in 0.22 ms, found 0 plugins.
Preloading 0 native plugins for Editor in 0.00 ms.
Unloading 1112 Unused Serialized files (Serialized files now loaded: 0)
System memory in use before: 63.7 MB.
System memory in use after: 63.8 MB.

Unloading 5 unused Assets to reduce memory usage. Loaded Objects now: 1660.
Total: 1.711500 ms (FindLiveObjects: 0.121400 ms CreateObjectMapping: 0.031000 ms MarkObjects: 1.468400 ms  DeleteObjects: 0.088500 ms)

========================================================================
Received Prepare
Refreshing native plugins compatible for Editor in 2.10 ms, found 0 plugins.
Preloading 0 native plugins for Editor in 0.00 ms.
Unloading 3 Unused Serialized files (Serialized files now loaded: 0)
System memory in use before: 41.7 MB.
System memory in use after: 41.8 MB.

Unloading 3 unused Assets to reduce memory usage. Loaded Objects now: 1660.
Total: 3.649300 ms (FindLiveObjects: 0.526900 ms CreateObjectMapping: 0.150600 ms MarkObjects: 2.868300 ms  DeleteObjects: 0.098400 ms)

========================================================================
Received Prepare
Refreshing native plugins compatible for Editor in 4.67 ms, found 0 plugins.
Preloading 0 native plugins for Editor in 0.00 ms.
Unloading 3 Unused Serialized files (Serialized files now loaded: 0)
System memory in use before: 41.7 MB.
System memory in use after: 41.8 MB.

Unloading 3 unused Assets to reduce memory usage. Loaded Objects now: 1660.
Total: 4.368100 ms (FindLiveObjects: 1.049200 ms CreateObjectMapping: 0.156200 ms MarkObjects: 3.066600 ms  DeleteObjects: 0.093500 ms)

AssetImportWorkerClient::OnTransportError - code=2 error=End of file
