Using pre-set license
Built from '2020.3/staging' branch; Version is '2020.3.0f1 (c7b5465681fb) revision 13088070'; Using compiler version '192528614'; Build Type 'Release'
OS: 'Windows 10 Enterprise; OS build 18363.1256; Version 1909; 64bit' Language: 'ko' Physical Memory: 7894 MB
BatchMode: 1, IsHumanControllingUs: 0, StartBugReporterOnCrash: 0, Is64bit: 1, IsPro: 0

 COMMAND LINE ARGUMENTS:
C:\Program Files\Unity\Hub\Editor\2020.3.0f1\Editor\Unity.exe
-adb2
-batchMode
-noUpm
-name
AssetImportWorker0
-projectPath
C:/workspace/Unity/tutorial/New Unity Project
-logFile
Logs/AssetImportWorker0.log
-srvPort
55475
Successfully changed project path to: C:/workspace/Unity/tutorial/New Unity Project
C:/workspace/Unity/tutorial/New Unity Project
Using Asset Import Pipeline V2.
Refreshing native plugins compatible for Editor in 41.05 ms, found 0 plugins.
Preloading 0 native plugins for Editor in 0.00 ms.
Initialize engine version: 2020.3.0f1 (c7b5465681fb)
[Subsystems] Discovering subsystems at path C:/Program Files/Unity/Hub/Editor/2020.3.0f1/Editor/Data/Resources/UnitySubsystems
[Subsystems] Discovering subsystems at path C:/workspace/Unity/tutorial/New Unity Project/Assets
GfxDevice: creating device client; threaded=0
Direct3D:
    Version:  Direct3D 11.0 [level 11.1]
    Renderer: Intel(R) Iris(R) Plus Graphics (ID=0x8a5a)
    Vendor:   
    VRAM:     3947 MB
    Driver:   26.20.100.7463
Initialize mono
Mono path[0] = 'C:/Program Files/Unity/Hub/Editor/2020.3.0f1/Editor/Data/Managed'
Mono path[1] = 'C:/Program Files/Unity/Hub/Editor/2020.3.0f1/Editor/Data/MonoBleedingEdge/lib/mono/unityjit'
Mono config path = 'C:/Program Files/Unity/Hub/Editor/2020.3.0f1/Editor/Data/MonoBleedingEdge/etc'
Using monoOptions --debugger-agent=transport=dt_socket,embedding=1,server=y,suspend=n,address=127.0.0.1:56828
Begin MonoManager ReloadAssembly
Registering precompiled unity dll's ...
Register platform support module: C:/Program Files/Unity/Hub/Editor/2020.3.0f1/Editor/Data/PlaybackEngines/WebGLSupport/UnityEditor.WebGL.Extensions.dll
Register platform support module: C:/Program Files/Unity/Hub/Editor/2020.3.0f1/Editor/Data/PlaybackEngines/WindowsStandaloneSupport/UnityEditor.WindowsStandalone.Extensions.dll
Registered in 0.008108 seconds.
Native extension for WindowsStandalone target not found
Native extension for WebGL target not found
Refreshing native plugins compatible for Editor in 24.44 ms, found 0 plugins.
Preloading 0 native plugins for Editor in 0.00 ms.
Invoked RoslynAnalysisRunner static constructor.
RoslynAnalysisRunner will not be running.
RoslynAnalysisRunner has terminated.
Mono: successfully reloaded assembly
- Completed reload, in  5.294 seconds
Platform modules already initialized, skipping
Registering precompiled user dll's ...
Registered in 0.004994 seconds.
Begin MonoManager ReloadAssembly
Native extension for WindowsStandalone target not found
Native extension for WebGL target not found
Refreshing native plugins compatible for Editor in 0.25 ms, found 0 plugins.
Preloading 0 native plugins for Editor in 0.00 ms.
Invoked RoslynAnalysisRunner static constructor.
RoslynAnalysisRunner will not be running.
RoslynAnalysisRunner has terminated.
Mono: successfully reloaded assembly
- Completed reload, in  0.990 seconds
Platform modules already initialized, skipping
========================================================================
Worker process is ready to serve import requests
Launched and connected shader compiler UnityShaderCompiler.exe after 0.08 seconds
Refreshing native plugins compatible for Editor in 0.18 ms, found 0 plugins.
Preloading 0 native plugins for Editor in 0.00 ms.
Unloading 1117 Unused Serialized files (Serialized files now loaded: 0)
System memory in use before: 59.7 MB.
System memory in use after: 59.8 MB.

Unloading 9 unused Assets to reduce memory usage. Loaded Objects now: 1560.
Total: 1.586000 ms (FindLiveObjects: 0.129500 ms CreateObjectMapping: 0.031900 ms MarkObjects: 1.340600 ms  DeleteObjects: 0.081200 ms)

========================================================================
Received Import Request.
  path: Assets/Scenes/Stage1_0.unity
  artifactKey: Guid(9fc0d4010bbf28b4594072e72b8655ab) Importer(815301076,1909f56bfc062723c751e8b465ee728b)
Start importing Assets/Scenes/Stage1_0.unity using Guid(9fc0d4010bbf28b4594072e72b8655ab) Importer(815301076,1909f56bfc062723c751e8b465ee728b)  -> (artifact id: 'c3d411aa9e5b9fb9333dbedb4c2c4a16') in 0.023498 seconds
  Import took 0.026948 seconds .

========================================================================
Received Import Request.
  Time since last request: 33.421806 seconds.
  path: Assets/Scenes/Stage1_1.unity
  artifactKey: Guid(e9a7e6535f5d31c478d6031dc022be16) Importer(815301076,1909f56bfc062723c751e8b465ee728b)
Start importing Assets/Scenes/Stage1_1.unity using Guid(e9a7e6535f5d31c478d6031dc022be16) Importer(815301076,1909f56bfc062723c751e8b465ee728b)  -> (artifact id: 'd32252df6980698f864469868b36b9da') in 0.028625 seconds
  Import took 0.032084 seconds .

========================================================================
Received Import Request.
  Time since last request: 5.482333 seconds.
  path: Assets/CasualGameSounds/DM-CGS-28.wav
  artifactKey: Guid(79180f511d89441b9aa23ccae1992fe0) Importer(815301076,1909f56bfc062723c751e8b465ee728b)
Start importing Assets/CasualGameSounds/DM-CGS-28.wav using Guid(79180f511d89441b9aa23ccae1992fe0) Importer(815301076,1909f56bfc062723c751e8b465ee728b)  -> (artifact id: '03c523a54357e445604e234e724ef0af') in 0.185991 seconds
  Import took 0.188909 seconds .

========================================================================
Received Import Request.
  Time since last request: 2.121081 seconds.
  path: Assets/Material/Can.mat
  artifactKey: Guid(905aa54bc3ac9e84fba45c7fddecd49e) Importer(815301076,1909f56bfc062723c751e8b465ee728b)
Start importing Assets/Material/Can.mat using Guid(905aa54bc3ac9e84fba45c7fddecd49e) Importer(815301076,1909f56bfc062723c751e8b465ee728b)  -> (artifact id: '9102ab31ab91857d7b469d1709f79906') in 0.069988 seconds
  Import took 0.072627 seconds .

========================================================================
Received Import Request.
  Time since last request: 0.000398 seconds.
  path: Assets/Material/Finish.mat
  artifactKey: Guid(9923875d7a8db3f488bd166ad0f0a13a) Importer(815301076,1909f56bfc062723c751e8b465ee728b)
Start importing Assets/Material/Finish.mat using Guid(9923875d7a8db3f488bd166ad0f0a13a) Importer(815301076,1909f56bfc062723c751e8b465ee728b)  -> (artifact id: 'c2be93e2e228673858c55b0cd2e2a505') in 0.035722 seconds
  Import took 0.039418 seconds .

========================================================================
Received Import Request.
  Time since last request: 0.000318 seconds.
  path: Assets/Material/dote.jpg
  artifactKey: Guid(1c13225d26a5daa479f0764a6d576b37) Importer(815301076,1909f56bfc062723c751e8b465ee728b)
Start importing Assets/Material/dote.jpg using Guid(1c13225d26a5daa479f0764a6d576b37) Importer(815301076,1909f56bfc062723c751e8b465ee728b)  -> (artifact id: 'f748bc7d6247b74cfd693232f887908b') in 0.110687 seconds
  Import took 0.113546 seconds .

========================================================================
Received Import Request.
  Time since last request: 0.000396 seconds.
  path: Assets/Material/My Ball.mat
  artifactKey: Guid(1f2c8f263ae1642458bfa63239f2ec29) Importer(815301076,1909f56bfc062723c751e8b465ee728b)
Start importing Assets/Material/My Ball.mat using Guid(1f2c8f263ae1642458bfa63239f2ec29) Importer(815301076,1909f56bfc062723c751e8b465ee728b)  -> (artifact id: '836f9c17259ff309229a2bd417f45588') in 0.031583 seconds
  Import took 0.037838 seconds .

========================================================================
Received Import Request.
  Time since last request: 0.002233 seconds.
  path: Assets/Material/My Ball.physicMaterial
  artifactKey: Guid(653afdb58995d0e45a8a389ec032d6b0) Importer(815301076,1909f56bfc062723c751e8b465ee728b)
Start importing Assets/Material/My Ball.physicMaterial using Guid(653afdb58995d0e45a8a389ec032d6b0) Importer(815301076,1909f56bfc062723c751e8b465ee728b)  -> (artifact id: '86eae9c444e7bd60aab32bf811fb9f18') in 0.019363 seconds
  Import took 0.022487 seconds .

========================================================================
Received Import Request.
  Time since last request: 0.000361 seconds.
  path: Assets/Material/Floor.mat
  artifactKey: Guid(b90862af4fcedd940afe6bfb0d16f42f) Importer(815301076,1909f56bfc062723c751e8b465ee728b)
Start importing Assets/Material/Floor.mat using Guid(b90862af4fcedd940afe6bfb0d16f42f) Importer(815301076,1909f56bfc062723c751e8b465ee728b)  -> (artifact id: '681052ef4fa142adc18142a671af4981') in 0.051932 seconds
  Import took 0.054762 seconds .

========================================================================
Received Import Request.
  Time since last request: 0.000703 seconds.
  path: Assets/Material/My Ball.physicMaterial
  artifactKey: Guid(653afdb58995d0e45a8a389ec032d6b0) Importer(815301076,1909f56bfc062723c751e8b465ee728b)
Start importing Assets/Material/My Ball.physicMaterial using Guid(653afdb58995d0e45a8a389ec032d6b0) Importer(815301076,1909f56bfc062723c751e8b465ee728b)  -> (artifact id: '86eae9c444e7bd60aab32bf811fb9f18') in 0.012166 seconds
  Import took 0.014847 seconds .

========================================================================
Received Import Request.
  Time since last request: 36.675828 seconds.
  path: Assets/Sounds/예에에.mp3
  artifactKey: Guid(29d520540919f314d8e84917cfc7c46d) Importer(815301076,1909f56bfc062723c751e8b465ee728b)
Start importing Assets/Sounds/예에에.mp3 using Guid(29d520540919f314d8e84917cfc7c46d) Importer(815301076,1909f56bfc062723c751e8b465ee728b)  -> (artifact id: '4276db0229b8e68404dad3f8e5da7124') in 0.026259 seconds
  Import took 0.029278 seconds .

AssetImportWorkerClient::OnTransportError - code=2 error=End of file
